This is pdfTeX, Version 3.141592653-2.6-1.40.25 (MiKTeX 24.1) (preloaded format=pdflatex 2025.3.22)  18 MAY 2025 01:53
entering extended mode
 restricted \write18 enabled.
 file:line:error style messages enabled.
 %&-line parsing enabled.
**c:/programacion/tfgieee-template/tfg_ieee/tfg.tex
(c:/programacion/tfgieee-template/tfg_ieee/tfg.tex
LaTeX2e <2023-11-01> patch level 1
L3 programming layer <2024-01-04>
(C:\Program Files\MiKTeX\tex/latex/base\book.cls
Document Class: book 2023/05/17 v1.4n Standard LaTeX document class
(C:\Program Files\MiKTeX\tex/latex/base\bk12.clo
File: bk12.clo 2023/05/17 v1.4n Standard LaTeX file (size option)
)
\c@part=\count187
\c@chapter=\count188
\c@section=\count189
\c@subsection=\count190
\c@subsubsection=\count191
\c@paragraph=\count192
\c@subparagraph=\count193
\c@figure=\count194
\c@table=\count195
\abovecaptionskip=\skip48
\belowcaptionskip=\skip49
\bibindent=\dimen140
) (C:\Program Files\MiKTeX\tex/latex/base\inputenc.sty
Package: inputenc 2021/02/14 v1.3d Input encoding file
\inpenc@prehook=\toks17
\inpenc@posthook=\toks18
) (C:\Program Files\MiKTeX\tex/latex/xcolor\xcolor.sty
Package: xcolor 2023/11/15 v3.01 LaTeX color extensions (UK)
 (C:\Program Files\MiKTeX\tex/latex/graphics-cfg\color.cfg
File: color.cfg 2016/01/02 v1.6 sample color configuration
)
Package xcolor Info: Driver file: pdftex.def on input line 274.
 (C:\Program Files\MiKTeX\tex/latex/graphics-def\pdftex.def
File: pdftex.def 2022/09/22 v1.2b Graphics/color driver for pdftex
) (C:\Program Files\MiKTeX\tex/latex/graphics\mathcolor.ltx)
Package xcolor Info: Model `cmy' substituted by `cmy0' on input line 1350.
Package xcolor Info: Model `hsb' substituted by `rgb' on input line 1354.
Package xcolor Info: Model `RGB' extended on input line 1366.
Package xcolor Info: Model `HTML' substituted by `rgb' on input line 1368.
Package xcolor Info: Model `Hsb' substituted by `hsb' on input line 1369.
Package xcolor Info: Model `tHsb' substituted by `hsb' on input line 1370.
Package xcolor Info: Model `HSB' substituted by `hsb' on input line 1371.
Package xcolor Info: Model `Gray' substituted by `gray' on input line 1372.
Package xcolor Info: Model `wave' substituted by `hsb' on input line 1373.
) (C:\Program Files\MiKTeX\tex/latex/colortbl\colortbl.sty
Package: colortbl 2024/07/06 v1.0i Color table columns (DPC)
 (C:\Program Files\MiKTeX\tex/latex/tools\array.sty
Package: array 2023/10/16 v2.5g Tabular extension package (FMi)
\col@sep=\dimen141
\ar@mcellbox=\box51
\extrarowheight=\dimen142
\NC@list=\toks19
\extratabsurround=\skip50
\backup@length=\skip51
\ar@cellbox=\box52
)
\everycr=\toks20
\minrowclearance=\skip52
\rownum=\count196
) (C:\Program Files\MiKTeX\tex/latex/tools\tabularx.sty
Package: tabularx 2023/07/08 v2.11c `tabularx' package (DPC)
\TX@col@width=\dimen143
\TX@old@table=\dimen144
\TX@old@col=\dimen145
\TX@target=\dimen146
\TX@delta=\dimen147
\TX@cols=\count197
\TX@ftn=\toks21
) (C:\Program Files\MiKTeX\tex/latex/graphics\graphicx.sty
Package: graphicx 2021/09/16 v1.2d Enhanced LaTeX Graphics (DPC,SPQR)
 (C:\Program Files\MiKTeX\tex/latex/graphics\keyval.sty
Package: keyval 2022/05/29 v1.15 key=value parser (DPC)
\KV@toks@=\toks22
) (C:\Program Files\MiKTeX\tex/latex/graphics\graphics.sty
Package: graphics 2022/03/10 v1.4e Standard LaTeX Graphics (DPC,SPQR)
 (C:\Program Files\MiKTeX\tex/latex/graphics\trig.sty
Package: trig 2021/08/11 v1.11 sin cos tan (DPC)
) (C:\Program Files\MiKTeX\tex/latex/graphics-cfg\graphics.cfg
File: graphics.cfg 2016/06/04 v1.11 sample graphics configuration
)
Package graphics Info: Driver file: pdftex.def on input line 107.
)
\Gin@req@height=\dimen148
\Gin@req@width=\dimen149
) (C:\Program Files\MiKTeX\tex/latex/amsmath\amsmath.sty
Package: amsmath 2023/05/13 v2.17o AMS math features
\@mathmargin=\skip53

For additional information on amsmath, use the `?' option.
(C:\Program Files\MiKTeX\tex/latex/amsmath\amstext.sty
Package: amstext 2021/08/26 v2.01 AMS text
 (C:\Program Files\MiKTeX\tex/latex/amsmath\amsgen.sty
File: amsgen.sty 1999/11/30 v2.0 generic functions
\@emptytoks=\toks23
\ex@=\dimen150
)) (C:\Program Files\MiKTeX\tex/latex/amsmath\amsbsy.sty
Package: amsbsy 1999/11/29 v1.2d Bold Symbols
\pmbraise@=\dimen151
) (C:\Program Files\MiKTeX\tex/latex/amsmath\amsopn.sty
Package: amsopn 2022/04/08 v2.04 operator names
)
\inf@bad=\count198
LaTeX Info: Redefining \frac on input line 234.
\uproot@=\count199
\leftroot@=\count266
LaTeX Info: Redefining \overline on input line 399.
LaTeX Info: Redefining \colon on input line 410.
\classnum@=\count267
\DOTSCASE@=\count268
LaTeX Info: Redefining \ldots on input line 496.
LaTeX Info: Redefining \dots on input line 499.
LaTeX Info: Redefining \cdots on input line 620.
\Mathstrutbox@=\box53
\strutbox@=\box54
LaTeX Info: Redefining \big on input line 722.
LaTeX Info: Redefining \Big on input line 723.
LaTeX Info: Redefining \bigg on input line 724.
LaTeX Info: Redefining \Bigg on input line 725.
\big@size=\dimen152
LaTeX Font Info:    Redeclaring font encoding OML on input line 743.
LaTeX Font Info:    Redeclaring font encoding OMS on input line 744.
\macc@depth=\count269
LaTeX Info: Redefining \bmod on input line 905.
LaTeX Info: Redefining \pmod on input line 910.
LaTeX Info: Redefining \smash on input line 940.
LaTeX Info: Redefining \relbar on input line 970.
LaTeX Info: Redefining \Relbar on input line 971.
\c@MaxMatrixCols=\count270
\dotsspace@=\muskip16
\c@parentequation=\count271
\dspbrk@lvl=\count272
\tag@help=\toks24
\row@=\count273
\column@=\count274
\maxfields@=\count275
\andhelp@=\toks25
\eqnshift@=\dimen153
\alignsep@=\dimen154
\tagshift@=\dimen155
\tagwidth@=\dimen156
\totwidth@=\dimen157
\lineht@=\dimen158
\@envbody=\toks26
\multlinegap=\skip54
\multlinetaggap=\skip55
\mathdisplay@stack=\toks27
LaTeX Info: Redefining \[ on input line 2953.
LaTeX Info: Redefining \] on input line 2954.
) (C:\Program Files\MiKTeX\tex/latex/amsfonts\amsfonts.sty
Package: amsfonts 2013/01/14 v3.01 Basic AMSFonts support
\symAMSa=\mathgroup4
\symAMSb=\mathgroup5
LaTeX Font Info:    Redeclaring math symbol \hbar on input line 98.
LaTeX Font Info:    Overwriting math alphabet `\mathfrak' in version `bold'
(Font)                  U/euf/m/n --> U/euf/b/n on input line 106.
) (C:\Program Files\MiKTeX\tex/latex/amsfonts\amssymb.sty
Package: amssymb 2013/01/14 v3.01 AMS font symbols
) (C:\Program Files\MiKTeX\tex/generic/babel\babel.sty
Package: babel 2024/01/07 v24.1 The Babel package
\babel@savecnt=\count276
\U@D=\dimen159
\l@unhyphenated=\language79
 (C:\Program Files\MiKTeX\tex/generic/babel\txtbabel.def)
\bbl@readstream=\read2
\bbl@dirlevel=\count277

*************************************
* Local config file bblopts.cfg used
*
(C:\Program Files\MiKTeX\tex/latex/arabi\bblopts.cfg
File: bblopts.cfg 2005/09/08 v0.1 add Arabic and Farsi to "declared" options of babel
) (C:\Program Files\MiKTeX\tex/latex/babel-spanish\spanish.ldf
Language: spanish.ldf 2021/05/27 v5.0q Spanish support from the babel system
\es@quottoks=\toks28
\es@quotdepth=\count278
Package babel Info: Making " an active character on input line 570.
Package babel Info: Making . an active character on input line 675.
Package babel Info: Making < an active character on input line 722.
Package babel Info: Making > an active character on input line 722.
)) (C:\Program Files\MiKTeX\tex/generic/babel/locale/es\babel-spanish.tex
Package babel Info: Importing font and identification data for spanish
(babel)             from babel-es.ini. Reported on input line 11.
) (C:\Program Files\MiKTeX\tex/latex/realboxes\realboxes.sty
Package: realboxes 2011/08/08 v0.2 Change box commands to read there content as real boxes
 (C:\Program Files\MiKTeX\tex/latex/collectbox\collectbox.sty
Package: collectbox 2022/10/17 v0.4c Collect macro arguments as boxes
\collectedbox=\box55
) (C:\Program Files\MiKTeX\tex/latex/adjustbox\adjcalc.sty
Package: adjcalc 2012/05/16 v1.1 Provides advanced setlength with multiple back-ends (calc, etex, pgfmath)
 (C:\Program Files\MiKTeX\tex/latex/xkeyval\xkeyval.sty
Package: xkeyval 2022/06/16 v2.9 package option processing (HA)
 (C:\Program Files\MiKTeX\tex/generic/xkeyval\xkeyval.tex (C:\Program Files\MiKTeX\tex/generic/xkeyval\xkvutils.tex
\XKV@toks=\toks29
\XKV@tempa@toks=\toks30
)
\XKV@depth=\count279
File: xkeyval.tex 2014/12/03 v2.7a key=value parser (HA)
)))) (C:\Program Files\MiKTeX\tex/latex/wrapfig\wrapfig.sty
\wrapoverhang=\dimen160
\WF@size=\dimen161
\c@WF@wrappedlines=\count280
\WF@box=\box56
\WF@everypar=\toks31
Package: wrapfig 2003/01/31  v 3.6
) (C:\Program Files\MiKTeX\tex/latex/fancyhdr\fancyhdr.sty
Package: fancyhdr 2025/02/07 v5.2 Extensive control of page headers and footers
\f@nch@headwidth=\skip56
\f@nch@offset@elh=\skip57
\f@nch@offset@erh=\skip58
\f@nch@offset@olh=\skip59
\f@nch@offset@orh=\skip60
\f@nch@offset@elf=\skip61
\f@nch@offset@erf=\skip62
\f@nch@offset@olf=\skip63
\f@nch@offset@orf=\skip64
\f@nch@height=\skip65
\f@nch@footalignment=\skip66
\f@nch@widthL=\skip67
\f@nch@widthC=\skip68
\f@nch@widthR=\skip69
\@temptokenb=\toks32
) (C:\Program Files\MiKTeX\tex/latex/hyperref\hyperref.sty
Package: hyperref 2023-11-26 v7.01g Hypertext links for LaTeX
 (C:\Program Files\MiKTeX\tex/generic/iftex\iftex.sty
Package: iftex 2022/02/03 v1.0f TeX engine tests
) (C:\Program Files\MiKTeX\tex/generic/infwarerr\infwarerr.sty
Package: infwarerr 2019/12/03 v1.5 Providing info/warning/error messages (HO)
) (C:\Program Files\MiKTeX\tex/latex/kvsetkeys\kvsetkeys.sty
Package: kvsetkeys 2022-10-05 v1.19 Key value parser (HO)
) (C:\Program Files\MiKTeX\tex/generic/kvdefinekeys\kvdefinekeys.sty
Package: kvdefinekeys 2019-12-19 v1.6 Define keys (HO)
) (C:\Program Files\MiKTeX\tex/generic/pdfescape\pdfescape.sty
Package: pdfescape 2019/12/09 v1.15 Implements pdfTeX's escape features (HO)
 (C:\Program Files\MiKTeX\tex/generic/ltxcmds\ltxcmds.sty
Package: ltxcmds 2023-12-04 v1.26 LaTeX kernel commands for general use (HO)
) (C:\Program Files\MiKTeX\tex/generic/pdftexcmds\pdftexcmds.sty
Package: pdftexcmds 2020-06-27 v0.33 Utility functions of pdfTeX for LuaTeX (HO)
Package pdftexcmds Info: \pdf@primitive is available.
Package pdftexcmds Info: \pdf@ifprimitive is available.
Package pdftexcmds Info: \pdfdraftmode found.
)) (C:\Program Files\MiKTeX\tex/latex/hycolor\hycolor.sty
Package: hycolor 2020-01-27 v1.10 Color options for hyperref/bookmark (HO)
) (C:\Program Files\MiKTeX\tex/latex/letltxmacro\letltxmacro.sty
Package: letltxmacro 2019/12/03 v1.6 Let assignment for LaTeX macros (HO)
) (C:\Program Files\MiKTeX\tex/latex/auxhook\auxhook.sty
Package: auxhook 2019-12-17 v1.6 Hooks for auxiliary files (HO)
) (C:\Program Files\MiKTeX\tex/latex/hyperref\nameref.sty
Package: nameref 2023-11-26 v2.56 Cross-referencing by name of section
 (C:\Program Files\MiKTeX\tex/latex/refcount\refcount.sty
Package: refcount 2019/12/15 v3.6 Data extraction from label references (HO)
) (C:\Program Files\MiKTeX\tex/generic/gettitlestring\gettitlestring.sty
Package: gettitlestring 2019/12/15 v1.6 Cleanup title references (HO)
 (C:\Program Files\MiKTeX\tex/latex/kvoptions\kvoptions.sty
Package: kvoptions 2022-06-15 v3.15 Key value format for package options (HO)
))
\c@section@level=\count281
) (C:\Program Files\MiKTeX\tex/latex/etoolbox\etoolbox.sty
Package: etoolbox 2020/10/05 v2.5k e-TeX tools for LaTeX (JAW)
\etb@tempcnta=\count282
)
\@linkdim=\dimen162
\Hy@linkcounter=\count283
\Hy@pagecounter=\count284
 (C:\Program Files\MiKTeX\tex/latex/hyperref\pd1enc.def
File: pd1enc.def 2023-11-26 v7.01g Hyperref: PDFDocEncoding definition (HO)
Now handling font encoding PD1 ...
... no UTF-8 mapping file for font encoding PD1
) (C:\Program Files\MiKTeX\tex/generic/intcalc\intcalc.sty
Package: intcalc 2019/12/15 v1.3 Expandable calculations with integers (HO)
)
\Hy@SavedSpaceFactor=\count285
 (C:\Program Files\MiKTeX\tex/latex/hyperref\puenc.def
File: puenc.def 2023-11-26 v7.01g Hyperref: PDF Unicode definition (HO)
Now handling font encoding PU ...
... no UTF-8 mapping file for font encoding PU
)
Package hyperref Info: Hyper figures OFF on input line 4181.
Package hyperref Info: Link nesting OFF on input line 4186.
Package hyperref Info: Hyper index ON on input line 4189.
Package hyperref Info: Plain pages OFF on input line 4196.
Package hyperref Info: Backreferencing OFF on input line 4201.
Package hyperref Info: Implicit mode ON; LaTeX internals redefined.
Package hyperref Info: Bookmarks ON on input line 4448.
\c@Hy@tempcnt=\count286
 (C:\Program Files\MiKTeX\tex/latex/url\url.sty
\Urlmuskip=\muskip17
Package: url 2013/09/16  ver 3.4  Verb mode for urls, etc.
)
LaTeX Info: Redefining \url on input line 4786.
\XeTeXLinkMargin=\dimen163
 (C:\Program Files\MiKTeX\tex/generic/bitset\bitset.sty
Package: bitset 2019/12/09 v1.3 Handle bit-vector datatype (HO)
 (C:\Program Files\MiKTeX\tex/generic/bigintcalc\bigintcalc.sty
Package: bigintcalc 2019/12/15 v1.5 Expandable calculations on big integers (HO)
))
\Fld@menulength=\count287
\Field@Width=\dimen164
\Fld@charsize=\dimen165
Package hyperref Info: Hyper figures OFF on input line 6065.
Package hyperref Info: Link nesting OFF on input line 6070.
Package hyperref Info: Hyper index ON on input line 6073.
Package hyperref Info: backreferencing OFF on input line 6080.
Package hyperref Info: Link coloring OFF on input line 6085.
Package hyperref Info: Link coloring with OCG OFF on input line 6090.
Package hyperref Info: PDF/A mode OFF on input line 6095.
 (C:\Program Files\MiKTeX\tex/latex/base\atbegshi-ltx.sty
Package: atbegshi-ltx 2021/01/10 v1.0c Emulation of the original atbegshi
package with kernel methods
)
\Hy@abspage=\count288
\c@Item=\count289
\c@Hfootnote=\count290
)
Package hyperref Info: Driver (autodetected): hpdftex.
 (C:\Program Files\MiKTeX\tex/latex/hyperref\hpdftex.def
File: hpdftex.def 2023-11-26 v7.01g Hyperref driver for pdfTeX
 (C:\Program Files\MiKTeX\tex/latex/base\atveryend-ltx.sty
Package: atveryend-ltx 2020/08/19 v1.0a Emulation of the original atveryend package
with kernel methods
)
\Fld@listcount=\count291
\c@bookmark@seq@number=\count292
 (C:\Program Files\MiKTeX\tex/latex/rerunfilecheck\rerunfilecheck.sty
Package: rerunfilecheck 2022-07-10 v1.10 Rerun checks for auxiliary files (HO)
 (C:\Program Files\MiKTeX\tex/generic/uniquecounter\uniquecounter.sty
Package: uniquecounter 2019/12/15 v1.4 Provide unlimited unique counter (HO)
)
Package uniquecounter Info: New unique counter `rerunfilecheck' on input line 285.
)
\Hy@SectionHShift=\skip70
) (C:\Program Files\MiKTeX\tex/latex/datatool\datatool.sty
Package: datatool 2025/03/05 v3.0.1 (NLCT)
 (C:\Program Files\MiKTeX\tex/latex/base\ifthen.sty
Package: ifthen 2022/04/13 v1.1d Standard LaTeX ifthen package (DPC)
) (C:\Program Files\MiKTeX\tex/latex/xfor\xfor.sty
Package: xfor 2009/02/05 v1.05 (NLCT)
) (C:\Program Files\MiKTeX\tex/latex/tracklang\tracklang.sty
Package: tracklang 2025/03/04 v1.6.5 (NLCT) Track Languages
 (C:\Program Files\MiKTeX\tex/generic/tracklang\tracklang.tex)) (C:\Program Files\MiKTeX\tex/latex/datatool\datatool-base.sty
Package: datatool-base 2025/03/05 v3.0.1 (NLCT)
 (C:\Program Files\MiKTeX\tex/latex/datatool\datatool-l3fp.def
File: datatool-l3fp.def 2025/03/05 v3.0.1 (NLCT)
)
\@dtl@toks=\toks33
\@dtl@tmpcount=\count293
\dtl@tmplength=\skip71
\l__datatool_measure_box=\box57
\dtl@sortresult=\count294
 (C:\Program Files\MiKTeX\tex/latex/datatool\datatool-utf8.ldf
File: datatool-utf8.ldf 2025/03/05 v3.0.1 (NLCT)
)
\@dtl@datatype=\count295
\l__datatool_tmpa_int=\count296
\l__datatool_tmpb_int=\count297
\l__datatool_tmpc_int=\count298
\l__datatool_tmpd_int=\count299
\l__datatool_count_int=\count300
\l__datatool_tmp_datatype_int=\count301
\l__datatool_tmpa_dim=\dimen166
\l__datatool_tmpb_dim=\dimen167
\c_datatool_unknown_int=\count302
\l__datatool_year_int=\count303
\l__datatool_month_int=\count304
\l__datatool_day_int=\count305
\l__datatool_hour_int=\count306
\l__datatool_minute_int=\count307
\l__datatool_second_int=\count308
\l__datatool_tzhour_int=\count309
\l__datatool_tzminute_int=\count310
\l__datatool_julian_int=\count311
\l__datatool_local_julian_int=\count312
\l__datatool_prefix_int=\count313
\l__datatool_suffix_int=\count314
\@dtl@foreach@level=\count315


Package tracklang Warning: No `datatool' support for dialect `spanish'  on input line 9897.

\dtl@codeA=\count316
\dtl@codeB=\count317
)
\l__datatool_max_cols_int=\count318
\l__datatool_col_idx_int=\count319
\l__datatool_row_idx_int=\count320
\l__datatool_item_type_int=\count321
\l__datatool_action_column_int=\count322
\l__datatool_action_column_ii_int=\count323
\l__datatool_action_row_int=\count324
\l__datatool_action_row_ii_int=\count325
\l__datatool_action_type_int=\count326
\l__datatool_action_datum_round_int=\count327
\dtlcolumnnum=\count328
\dtlrownum=\count329
\@dtl@before=\toks34
\@dtl@after=\toks35
\@dtl@colhead=\toks36
\dtlcurrentrow=\toks37
\dtlbeforerow=\toks38
\dtlafterrow=\toks39
\l__datatool_map_data_max_cols_int=\count330
\l__datatool_map_data_edit_column_int=\count331
\dtlforeachlevel=\count332
\c@DTLrow=\count333
\c@DTLrowi=\count334
\c@DTLrowii=\count335
\c@DTLrowiii=\count336
\dtl@rowi=\count337
\dtl@rowii=\count338
\dtl@rowiii=\count339
\g__filtered_row_i_int=\count340
\g__filtered_row_ii_int=\count341
\g__filtered_row_iii_int=\count342
\@dtl@curi=\toks40
\@dtl@previ=\toks41
\@dtl@nexti=\toks42
\@dtl@curii=\toks43
\@dtl@previi=\toks44
\@dtl@nextii=\toks45
\@dtl@curiii=\toks46
\@dtl@previii=\toks47
\@dtl@nextiii=\toks48
\l_datatool_display_per_row_int=\count343
\l_datatool_display_tab_rows_int=\count344
\@dtl@toksA=\toks49
\@dtl@toksB=\toks50
\@dtl@elements=\count345
\__datatool_sort_data_sortcol_int=\count346
\__datatool_sort_data_grpcol_int=\count347
\dtl@omitlines=\count348
\l__datatool_line_int=\count349
) (C:\Program Files\MiKTeX\tex/latex/glossaries/base\glossaries.sty
Package: glossaries 2025/03/03 v4.56 (NLCT)
 (C:\Program Files\MiKTeX\tex/latex/mfirstuc\mfirstuc.sty
Package: mfirstuc 2022/10/14 v2.08 (NLCT)
\@glsmfirst=\toks51
\@glsmrest=\toks52
) (C:\Program Files\MiKTeX\tex/latex/translator\translator.sty
Package: translator 2021-05-31 v1.12d Easy translation of strings in LaTeX
) (C:\Program Files\MiKTeX\tex/latex/glossaries-spanish\glossaries-spanish.ldf
File: glossaries-spanish.ldf 2014/11/23 v1.0
 (C:\Program Files\MiKTeX\tex/latex/glossaries-spanish\glossaries-spanish-utf8.ldf))
\gls@level=\count350
\@gls@tmpb=\toks53
\gls@tmplen=\skip72
\glskeylisttok=\toks54
\glslabeltok=\toks55
\glsshorttok=\toks56
\glslongtok=\toks57
 (C:\Program Files\MiKTeX\tex/latex/glossaries/styles\glossary-hypernav.sty
Package: glossary-hypernav 2025/03/03 v4.56 (NLCT)
) (C:\Program Files\MiKTeX\tex/latex/glossaries/styles\glossary-list.sty
Package: glossary-list 2025/03/03 v4.56 (NLCT)
\glslistdottedwidth=\skip73
) (C:\Program Files\MiKTeX\tex/latex/glossaries/styles\glossary-long.sty
Package: glossary-long 2025/03/03 v4.56 (NLCT)
 (C:\Program Files\MiKTeX\tex/latex/tools\longtable.sty
Package: longtable 2023-11-01 v4.19 Multi-page Table package (DPC)
\LTleft=\skip74
\LTright=\skip75
\LTpre=\skip76
\LTpost=\skip77
\LTchunksize=\count351
\LTcapwidth=\dimen168
\LT@head=\box58
\LT@firsthead=\box59
\LT@foot=\box60
\LT@lastfoot=\box61
\LT@gbox=\box62
\LT@cols=\count352
\LT@rows=\count353
\c@LT@tables=\count354
\c@LT@chunks=\count355
\LT@p@ftn=\toks58
)
\glsdescwidth=\skip78
\glspagelistwidth=\skip79
) (C:\Program Files\MiKTeX\tex/latex/glossaries/styles\glossary-super.sty
Package: glossary-super 2025/03/03 v4.56 (NLCT)
 (C:\Program Files\MiKTeX\tex/latex/supertabular\supertabular.sty
Package: supertabular 2024/07/20 v4.2c the supertabular environment
\c@tracingst=\count356
\ST@wd=\dimen169
\ST@rightskip=\skip80
\ST@leftskip=\skip81
\ST@parfillskip=\skip82
\ST@pageleft=\dimen170
\ST@headht=\dimen171
\ST@tailht=\dimen172
\ST@pagesofar=\dimen173
\ST@pboxht=\dimen174
\ST@rowht=\dimen175
\ST@prevht=\dimen176
\ST@toadd=\dimen177
\ST@dimen=\dimen178
\ST@pbox=\box63
)) (C:\Program Files\MiKTeX\tex/latex/glossaries/styles\glossary-tree.sty
Package: glossary-tree 2025/03/03 v4.56 (NLCT)
\glstreeindent=\skip83
)) (C:\Program Files\MiKTeX\tex/latex/base\makeidx.sty
Package: makeidx 2021/10/04 v1.0m Standard LaTeX package
) (C:\Program Files\MiKTeX\tex/latex/multirow\multirow.sty
Package: multirow 2024/11/12 v2.9 Span multiple rows of a table
\multirow@colwidth=\skip84
\multirow@cntb=\count357
\multirow@dima=\skip85
\bigstrutjot=\dimen179
) (C:\Program Files\MiKTeX\tex/latex/tools\multicol.sty
Package: multicol 2023/03/30 v1.9f multicolumn formatting (FMi)
\c@tracingmulticols=\count358
\mult@box=\box64
\multicol@leftmargin=\dimen180
\c@unbalance=\count359
\c@collectmore=\count360
\doublecol@number=\count361
\multicoltolerance=\count362
\multicolpretolerance=\count363
\full@width=\dimen181
\page@free=\dimen182
\premulticols=\dimen183
\postmulticols=\dimen184
\multicolsep=\skip86
\multicolbaselineskip=\skip87
\partial@page=\box65
\last@line=\box66
\mc@boxedresult=\box67
\maxbalancingoverflow=\dimen185
\mult@rightbox=\box68
\mult@grightbox=\box69
\mult@firstbox=\box70
\mult@gfirstbox=\box71
\@tempa=\box72
\@tempa=\box73
\@tempa=\box74
\@tempa=\box75
\@tempa=\box76
\@tempa=\box77
\@tempa=\box78
\@tempa=\box79
\@tempa=\box80
\@tempa=\box81
\@tempa=\box82
\@tempa=\box83
\@tempa=\box84
\@tempa=\box85
\@tempa=\box86
\@tempa=\box87
\@tempa=\box88
\@tempa=\box89
\@tempa=\box90
\@tempa=\box91
\@tempa=\box92
\@tempa=\box93
\@tempa=\box94
\@tempa=\box95
\@tempa=\box96
\@tempa=\box97
\@tempa=\box98
\@tempa=\box99
\@tempa=\box100
\@tempa=\box101
\@tempa=\box102
\@tempa=\box103
\@tempa=\box104
\@tempa=\box105
\@tempa=\box106
\@tempa=\box107
\c@minrows=\count364
\c@columnbadness=\count365
\c@finalcolumnbadness=\count366
\last@try=\dimen186
\multicolovershoot=\dimen187
\multicolundershoot=\dimen188
\mult@nat@firstbox=\box108
\colbreak@box=\box109
\mc@col@check@num=\count367
) (C:\Program Files\MiKTeX\tex/latex/cite\cite.sty
LaTeX Info: Redefining \cite on input line 302.
LaTeX Info: Redefining \nocite on input line 332.
Package: cite 2015/02/27  v 5.5
) (IEEEtrantools.sty
Package: IEEEtrantools 2015/08/26 V1.5 by Michael Shell

-- See the "IEEEtrantools_doc.txt" manual for usage information.
-- http://www.michaelshell.org/tex/ieeetran/tools/
\@IEEEtrantmpdimenA=\dimen189
\@IEEEtrantmpdimenB=\dimen190
\@IEEEtrantmpdimenC=\dimen191
\@IEEEtrantmpcountA=\count368
\@IEEEtrantmpcountB=\count369
\@IEEEtrantmpcountC=\count370
\@IEEEtrantmptoksA=\toks59
\IEEEnormaljot=\dimen192
\IEEEquantizedlength=\dimen193
\IEEEquantizedlengthdiff=\dimen194
\IEEEquantizedtextheightdiff=\dimen195
\IEEEilabelindentA=\dimen196
\IEEEilabelindentB=\dimen197
\IEEEilabelindent=\dimen198
\IEEEelabelindent=\dimen199
\IEEEdlabelindent=\dimen256
\IEEElabelindent=\dimen257
\IEEEiednormlabelsep=\dimen258
\IEEEiedmathlabelsep=\dimen259
\IEEEiedtopsep=\skip88
\c@IEEEsubequation=\count371
\@IEEEeqnnumcols=\count372
\@IEEEeqncolcnt=\count373
\@IEEEsubeqnnumrollback=\count374
\IEEEPARstartletwidth=\dimen260
) (C:\Program Files\MiKTeX\tex/latex/float\float.sty
Package: float 2001/11/08 v1.3d Float enhancements (AL)
\c@float@type=\count375
\float@exts=\toks60
\float@box=\box110
\@float@everytoks=\toks61
\@floatcapt=\box111
)
\@indexfile=\write3
\openout3 = `tfg.idx'.


Writing index file tfg.idx
\glswrite=\write4
\glo@main@file=\write5
\openout5 = `tfg.glo'.

Package glossaries Info: Writing glossary file tfg.glo on input line 31.
(C:\Program Files\MiKTeX\tex/latex/l3backend\l3backend-pdftex.def
File: l3backend-pdftex.def 2024-01-04 L3 backend support: PDF output (pdfTeX)
\l__color_backend_stack_int=\count376
\l__pdf_internal_box=\box112
) (tfg.aux
LaTeX Info: Redefining \. on input line 18.
LaTeX Info: Redefining \% on input line 18.
 (portada_y_ficha_catalografica/portada_y_ficha_catalografica.aux) (hoja_aprobacion/hoja_aprobacion.aux) (dedicatoria/dedicatoria.aux) (agradecimientos/agradecimientos.aux) (epigrafe/epigrafe.aux) (resumen/resumen.aux) (abstract/abstract.aux) (capitulo_01/introduccion.aux) (capitulo_02/marco_teorico.aux

LaTeX Warning: Label `fig:logo' multiply defined.


LaTeX Warning: Label `fig:logo' multiply defined.


LaTeX Warning: Label `fig:logo' multiply defined.


LaTeX Warning: Label `fig:logo' multiply defined.


LaTeX Warning: Label `fig:logo' multiply defined.


LaTeX Warning: Label `fig:logo' multiply defined.


LaTeX Warning: Label `fig:logo' multiply defined.


LaTeX Warning: Label `fig:logo' multiply defined.

) (capitulo_04/resultados.aux) (capitulo_05/discusion.aux) (anexos/anexo.aux))
\openout1 = `tfg.aux'.

LaTeX Font Info:    Checking defaults for OML/cmm/m/it on input line 35.
LaTeX Font Info:    ... okay on input line 35.
LaTeX Font Info:    Checking defaults for OMS/cmsy/m/n on input line 35.
LaTeX Font Info:    ... okay on input line 35.
LaTeX Font Info:    Checking defaults for OT1/cmr/m/n on input line 35.
LaTeX Font Info:    ... okay on input line 35.
LaTeX Font Info:    Checking defaults for T1/cmr/m/n on input line 35.
LaTeX Font Info:    ... okay on input line 35.
LaTeX Font Info:    Checking defaults for TS1/cmr/m/n on input line 35.
LaTeX Font Info:    ... okay on input line 35.
LaTeX Font Info:    Checking defaults for OMX/cmex/m/n on input line 35.
LaTeX Font Info:    ... okay on input line 35.
LaTeX Font Info:    Checking defaults for U/cmr/m/n on input line 35.
LaTeX Font Info:    ... okay on input line 35.
LaTeX Font Info:    Checking defaults for PD1/pdf/m/n on input line 35.
LaTeX Font Info:    ... okay on input line 35.
LaTeX Font Info:    Checking defaults for PU/pdf/m/n on input line 35.
LaTeX Font Info:    ... okay on input line 35.
 (C:\Program Files\MiKTeX\tex/context/base/mkii\supp-pdf.mkii
[Loading MPS to PDF converter (version 2006.09.02).]
\scratchcounter=\count377
\scratchdimen=\dimen261
\scratchbox=\box113
\nofMPsegments=\count378
\nofMParguments=\count379
\everyMPshowfont=\toks62
\MPscratchCnt=\count380
\MPscratchDim=\dimen262
\MPnumerator=\count381
\makeMPintoPDFobject=\count382
\everyMPtoPDFconversion=\toks63
) (C:\Program Files\MiKTeX\tex/latex/epstopdf-pkg\epstopdf-base.sty
Package: epstopdf-base 2020-01-24 v2.11 Base part for package epstopdf
Package epstopdf-base Info: Redefining graphics rule for `.eps' on input line 485.
 (C:\Program Files\MiKTeX\tex/latex/00miktex\epstopdf-sys.cfg
File: epstopdf-sys.cfg 2021/03/18 v2.0 Configuration of epstopdf for MiKTeX
))
LaTeX Info: Redefining \. on input line 35.
LaTeX Info: Redefining \% on input line 35.
Package hyperref Info: Link coloring OFF on input line 35.
 (tfg.out) (tfg.out)
\@outlinefile=\write6
\openout6 = `tfg.out'.

 (tfg.glsdefs)
LaTeX Font Info:    Trying to load font information for U+msa on input line 53.
 (C:\Program Files\MiKTeX\tex/latex/amsfonts\umsa.fd
File: umsa.fd 2013/01/14 v3.01 AMS symbols A
)
LaTeX Font Info:    Trying to load font information for U+msb on input line 53.
 (C:\Program Files\MiKTeX\tex/latex/amsfonts\umsb.fd
File: umsb.fd 2013/01/14 v3.01 AMS symbols B
)

LaTeX Font Warning: Font shape `OT1/cmr/bx/sc' undefined
(Font)              using `OT1/cmr/bx/n' instead on input line 61.

<./portada_y_ficha_catalografica/logo.png, id=266, 216.0873pt x 216.0873pt>
File: ./portada_y_ficha_catalografica/logo.png Graphic file (type png)
<use ./portada_y_ficha_catalografica/logo.png>
Package pdftex.def Info: ./portada_y_ficha_catalografica/logo.png  used on input line 70.
(pdftex.def)             Requested size: 129.65337pt x 129.65337pt.
[1

\openout4 = `tfg.ist'.


{C:/Users/aldoc/AppData/Local/MiKTeX/fonts/map/pdftex/pdftex.map} <./portada_y_ficha_catalografica/logo.png>]
\openout2 = `./portada_y_ficha_catalografica/portada_y_ficha_catalografica.aux'.

 (portada_y_ficha_catalografica/portada_y_ficha_catalografica.tex [2

]
Overfull \hbox (3.36133pt too wide) in paragraph at lines 61--88
 [][] 
 []

) [3]
\openout2 = `./hoja_aprobacion/hoja_aprobacion.aux'.

 (hoja_aprobacion/hoja_aprobacion.tex) [4



]
\openout2 = `./dedicatoria/dedicatoria.aux'.

 (dedicatoria/dedicatoria.tex) [5



]
\openout2 = `./agradecimientos/agradecimientos.aux'.

 (agradecimientos/agradecimientos.tex) [6



]
\openout2 = `./epigrafe/epigrafe.aux'.

 (epigrafe/epigrafe.tex) [7



]
\openout2 = `./resumen/resumen.aux'.

 (resumen/resumen.tex
Overfull \hbox (24.40007pt too wide) in paragraph at lines 14--15
\OT1/cmr/bx/n/12 Descriptores: \OT1/cmr/m/n/12 1. $\OML/cmm/m/it/12 <$\OT1/cmr/m/n/12 descriptor1$\OML/cmm/m/it/12 >$\OT1/cmr/m/n/12 , 2. $\OML/cmm/m/it/12 <$\OT1/cmr/m/n/12 descriptor2$\OML/cmm/m/it/12 >$\OT1/cmr/m/n/12 , 3. $\OML/cmm/m/it/12 <$\OT1/cmr/m/n/12 descriptor3$\OML/cmm/m/it/12 >$\OT1/cmr/m/n/12 . 
 []

) [8



]
\openout2 = `./abstract/abstract.aux'.

 (abstract/abstract.tex) [9



] (tfg.toc
LaTeX Info: Redefining \. on input line 1.
LaTeX Info: Redefining \% on input line 1.


Package spanish Warning: Replacing `OT1/cmr/bx/sc' by 
(spanish)                faked small caps on input line 2.


Package spanish Warning: Replacing `OT1/cmr/bx/sc' by 
(spanish)                faked small caps on input line 3.


Package spanish Warning: Replacing `OT1/cmr/bx/sc' by 
(spanish)                faked small caps on input line 4.


Package spanish Warning: Replacing `OT1/cmr/bx/sc' by 
(spanish)                faked small caps on input line 5.


Package spanish Warning: Replacing `OT1/cmr/bx/sc' by 
(spanish)                faked small caps on input line 6.

[10



]
Overfull \hbox (2.89984pt too wide) in paragraph at lines 43--43
 [][] [][]\OT1/cmr/m/n/12 ``\OT1/cmr/m/it/12 Prototipo de re-co-no-ci-mien-to fa-cial pa-ra me-jo-rar el con- 
 []

LaTeX Info: Redefining \. on input line 61.
LaTeX Info: Redefining \% on input line 61.
LaTeX Info: Redefining \. on input line 61.
LaTeX Info: Redefining \% on input line 61.

Package fancyhdr Warning: \headheight is too small (12.0pt): 
(fancyhdr)                Make it at least 15.71667pt, for example:
(fancyhdr)                \setlength{\headheight}{15.71667pt}.
(fancyhdr)                You might also make \topmargin smaller:
(fancyhdr)                \addtolength{\topmargin}{-3.71667pt}.

[11])
\tf@toc=\write7
\openout7 = `tfg.toc'.

LaTeX Info: Redefining \. on input line 106.
LaTeX Info: Redefining \% on input line 106.
LaTeX Info: Redefining \. on input line 106.
LaTeX Info: Redefining \% on input line 106.


Package fancyhdr Warning: \headheight is too small (12.0pt): 
(fancyhdr)                Make it at least 15.71667pt, for example:
(fancyhdr)                \setlength{\headheight}{15.71667pt}.
(fancyhdr)                You might also make \topmargin smaller:
(fancyhdr)                \addtolength{\topmargin}{-3.71667pt}.

[12] (tfg.lof
LaTeX Info: Redefining \. on input line 1.
LaTeX Info: Redefining \% on input line 1.

Overfull \hbox (6.64595pt too wide) in paragraph at lines 10--10
 [][] [][]\OT1/cmr/m/n/12 La ima-gen mues-tra c^^Somo una red neu-ro-nal con-vo-lu-cio-nal (CNN) 
 []


Overfull \hbox (0.22787pt too wide) in paragraph at lines 10--10
 \OT1/cmr/m/n/12 pro-ce-sa una ima-gen en dis-tin-tas ca-pas, ex-tra-yen-do ca-rac-ter^^S^^Psti- 
 []

[13

])
\tf@lof=\write8
\openout8 = `tfg.lof'.

LaTeX Info: Redefining \. on input line 108.
LaTeX Info: Redefining \% on input line 108.
LaTeX Info: Redefining \. on input line 108.
LaTeX Info: Redefining \% on input line 108.


Package fancyhdr Warning: \headheight is too small (12.0pt): 
(fancyhdr)                Make it at least 15.71667pt, for example:
(fancyhdr)                \setlength{\headheight}{15.71667pt}.
(fancyhdr)                You might also make \topmargin smaller:
(fancyhdr)                \addtolength{\topmargin}{-3.71667pt}.

[14] (tfg.lot
LaTeX Info: Redefining \. on input line 1.
LaTeX Info: Redefining \% on input line 1.
)
\tf@lot=\write9
\openout9 = `tfg.lot'.


No file tfg.gls.
[15

]
\openout2 = `./capitulo_01/introduccion.aux'.

 (capitulo_01/introduccion.tex
Cap\'{\i }tulo 1.

LaTeX Warning: No positions in optional float specifier.
               Default added (so using `tbp') on input line 15.

[1



]

Package fancyhdr Warning: \headheight is too small (12.0pt): 
(fancyhdr)                Make it at least 14.49998pt, for example:
(fancyhdr)                \setlength{\headheight}{14.49998pt}.
(fancyhdr)                You might also make \topmargin smaller:
(fancyhdr)                \addtolength{\topmargin}{-2.49998pt}.

[2]

Package fancyhdr Warning: \headheight is too small (12.0pt): 
(fancyhdr)                Make it at least 14.49998pt, for example:
(fancyhdr)                \setlength{\headheight}{14.49998pt}.
(fancyhdr)                You might also make \topmargin smaller:
(fancyhdr)                \addtolength{\topmargin}{-2.49998pt}.

[3]

Package fancyhdr Warning: \headheight is too small (12.0pt): 
(fancyhdr)                Make it at least 14.49998pt, for example:
(fancyhdr)                \setlength{\headheight}{14.49998pt}.
(fancyhdr)                You might also make \topmargin smaller:
(fancyhdr)                \addtolength{\topmargin}{-2.49998pt}.

[4]
Overfull \hbox (10.34377pt too wide) in paragraph at lines 109--109
[]\OT1/cmr/bx/sc/17.28 Descripci^^Son de los con-te-ni-dos por cap^^S^^Ptu-
 []

)

Package fancyhdr Warning: \headheight is too small (12.0pt): 
(fancyhdr)                Make it at least 14.49998pt, for example:
(fancyhdr)                \setlength{\headheight}{14.49998pt}.
(fancyhdr)                You might also make \topmargin smaller:
(fancyhdr)                \addtolength{\topmargin}{-2.49998pt}.

[5]
\openout2 = `./capitulo_02/marco_teorico.aux'.

 (capitulo_02/marco_teorico.tex
\c@teorema=\count383

Cap\'{\i }tulo 2.
[6




]
<imagenes_doc/segu_biometrica_1.jpg, id=542, 1033.8625pt x 689.57625pt>
File: imagenes_doc/segu_biometrica_1.jpg Graphic file (type jpg)
<use imagenes_doc/segu_biometrica_1.jpg>
Package pdftex.def Info: imagenes_doc/segu_biometrica_1.jpg  used on input line 54.
(pdftex.def)             Requested size: 234.00238pt x 156.0739pt.


Package fancyhdr Warning: \headheight is too small (12.0pt): 
(fancyhdr)                Make it at least 14.49998pt, for example:
(fancyhdr)                \setlength{\headheight}{14.49998pt}.
(fancyhdr)                You might also make \topmargin smaller:
(fancyhdr)                \addtolength{\topmargin}{-2.49998pt}.

[7
pdfTeX warning (ext4): destination with the same identifier (name{figure.2.1}) has been already used, duplicate ignored
<argument> ...shipout:D \box_use:N \l_shipout_box 
                                                  \__shipout_drop_firstpage_...
l.64 
      <./imagenes_doc/segu_biometrica_1.jpg>]
<imagenes_doc/tabla_rand.jpg, id=547, 883.3pt x 588.1975pt>
File: imagenes_doc/tabla_rand.jpg Graphic file (type jpg)
<use imagenes_doc/tabla_rand.jpg>
Package pdftex.def Info: imagenes_doc/tabla_rand.jpg  used on input line 77.
(pdftex.def)             Requested size: 234.00238pt x 155.81773pt.


Package fancyhdr Warning: \headheight is too small (12.0pt): 
(fancyhdr)                Make it at least 14.49998pt, for example:
(fancyhdr)                \setlength{\headheight}{14.49998pt}.
(fancyhdr)                You might also make \topmargin smaller:
(fancyhdr)                \addtolength{\topmargin}{-2.49998pt}.

[8
pdfTeX warning (ext4): destination with the same identifier (name{figure.2.2}) has been already used, duplicate ignored
<argument> ...shipout:D \box_use:N \l_shipout_box 
                                                  \__shipout_drop_firstpage_...
l.106 
       <./imagenes_doc/tabla_rand.jpg>]
<imagenes_doc/Reconocimiento_Facial.jpg, id=552, 240.9pt x 166.9437pt>
File: imagenes_doc/Reconocimiento_Facial.jpg Graphic file (type jpg)
<use imagenes_doc/Reconocimiento_Facial.jpg>
Package pdftex.def Info: imagenes_doc/Reconocimiento_Facial.jpg  used on input line 109.
(pdftex.def)             Requested size: 234.00238pt x 162.16953pt.


Package fancyhdr Warning: \headheight is too small (12.0pt): 
(fancyhdr)                Make it at least 14.49998pt, for example:
(fancyhdr)                \setlength{\headheight}{14.49998pt}.
(fancyhdr)                You might also make \topmargin smaller:
(fancyhdr)                \addtolength{\topmargin}{-2.49998pt}.

[9
pdfTeX warning (ext4): destination with the same identifier (name{figure.2.3}) has been already used, duplicate ignored
<argument> ...shipout:D \box_use:N \l_shipout_box 
                                                  \__shipout_drop_firstpage_...
l.139   \item \textbf
                     {Paso 3: Conversión de la imagen a datos} <./imagenes_doc/Reconocimiento_Facial.jpg>]

Package fancyhdr Warning: \headheight is too small (12.0pt): 
(fancyhdr)                Make it at least 14.49998pt, for example:
(fancyhdr)                \setlength{\headheight}{14.49998pt}.
(fancyhdr)                You might also make \topmargin smaller:
(fancyhdr)                \addtolength{\topmargin}{-2.49998pt}.

[10]

Package fancyhdr Warning: \headheight is too small (12.0pt): 
(fancyhdr)                Make it at least 14.49998pt, for example:
(fancyhdr)                \setlength{\headheight}{14.49998pt}.
(fancyhdr)                You might also make \topmargin smaller:
(fancyhdr)                \addtolength{\topmargin}{-2.49998pt}.

[11]

Package fancyhdr Warning: \headheight is too small (12.0pt): 
(fancyhdr)                Make it at least 14.49998pt, for example:
(fancyhdr)                \setlength{\headheight}{14.49998pt}.
(fancyhdr)                You might also make \topmargin smaller:
(fancyhdr)                \addtolength{\topmargin}{-2.49998pt}.

[12]

Package fancyhdr Warning: \headheight is too small (12.0pt): 
(fancyhdr)                Make it at least 14.49998pt, for example:
(fancyhdr)                \setlength{\headheight}{14.49998pt}.
(fancyhdr)                You might also make \topmargin smaller:
(fancyhdr)                \addtolength{\topmargin}{-2.49998pt}.

[13]
<imagenes_doc/redes_neuronales.png, id=574, 755.82375pt x 398.48875pt>
File: imagenes_doc/redes_neuronales.png Graphic file (type png)
<use imagenes_doc/redes_neuronales.png>
Package pdftex.def Info: imagenes_doc/redes_neuronales.png  used on input line 270.
(pdftex.def)             Requested size: 234.00238pt x 123.37215pt.


Package fancyhdr Warning: \headheight is too small (12.0pt): 
(fancyhdr)                Make it at least 14.49998pt, for example:
(fancyhdr)                \setlength{\headheight}{14.49998pt}.
(fancyhdr)                You might also make \topmargin smaller:
(fancyhdr)                \addtolength{\topmargin}{-2.49998pt}.

[14]
<imagenes_doc/image_01.jpg, id=579, 471.26062pt x 197.23688pt>
File: imagenes_doc/image_01.jpg Graphic file (type jpg)
<use imagenes_doc/image_01.jpg>
Package pdftex.def Info: imagenes_doc/image_01.jpg  used on input line 287.
(pdftex.def)             Requested size: 234.00238pt x 97.93802pt.


Package fancyhdr Warning: \headheight is too small (12.0pt): 
(fancyhdr)                Make it at least 14.49998pt, for example:
(fancyhdr)                \setlength{\headheight}{14.49998pt}.
(fancyhdr)                You might also make \topmargin smaller:
(fancyhdr)                \addtolength{\topmargin}{-2.49998pt}.

[15
pdfTeX warning (ext4): destination with the same identifier (name{figure.2.4}) has been already used, duplicate ignored
<argument> ...shipout:D \box_use:N \l_shipout_box 
                                                  \__shipout_drop_firstpage_...
l.291 
       <./imagenes_doc/redes_neuronales.png (PNG copy)>]
<imagenes_doc/image_02.jpg, id=584, 488.57532pt x 230.36063pt>
File: imagenes_doc/image_02.jpg Graphic file (type jpg)
<use imagenes_doc/image_02.jpg>
Package pdftex.def Info: imagenes_doc/image_02.jpg  used on input line 296.
(pdftex.def)             Requested size: 234.00238pt x 110.33281pt.
<imagenes_doc/redes_convolucionales.png, id=585, 642.4pt x 329.23pt>
File: imagenes_doc/redes_convolucionales.png Graphic file (type png)
<use imagenes_doc/redes_convolucionales.png>
Package pdftex.def Info: imagenes_doc/redes_convolucionales.png  used on input line 306.
(pdftex.def)             Requested size: 234.00238pt x 119.9243pt.


Package fancyhdr Warning: \headheight is too small (12.0pt): 
(fancyhdr)                Make it at least 14.49998pt, for example:
(fancyhdr)                \setlength{\headheight}{14.49998pt}.
(fancyhdr)                You might also make \topmargin smaller:
(fancyhdr)                \addtolength{\topmargin}{-2.49998pt}.

[16
pdfTeX warning (ext4): destination with the same identifier (name{figure.2.5}) has been already used, duplicate ignored
<argument> ...shipout:D \box_use:N \l_shipout_box 
                                                  \__shipout_drop_firstpage_...
l.310 
      
pdfTeX warning (ext4): destination with the same identifier (name{figure.2.6}) has been already used, duplicate ignored
<argument> ...shipout:D \box_use:N \l_shipout_box 
                                                  \__shipout_drop_firstpage_...
l.310 
       <./imagenes_doc/image_01.jpg> <./imagenes_doc/image_02.jpg>]
<imagenes_doc/Redes_GAN.jpg, id=591, 1403.2425pt x 479.7925pt>
File: imagenes_doc/Redes_GAN.jpg Graphic file (type jpg)
<use imagenes_doc/Redes_GAN.jpg>
Package pdftex.def Info: imagenes_doc/Redes_GAN.jpg  used on input line 315.
(pdftex.def)             Requested size: 234.00238pt x 80.00426pt.
<imagenes_doc/registroimg.jpg, id=592, 1149.29375pt x 489.83pt>
File: imagenes_doc/registroimg.jpg Graphic file (type jpg)
<use imagenes_doc/registroimg.jpg>
Package pdftex.def Info: imagenes_doc/registroimg.jpg  used on input line 326.
(pdftex.def)             Requested size: 234.00238pt x 99.72816pt.


Package fancyhdr Warning: \headheight is too small (12.0pt): 
(fancyhdr)                Make it at least 14.49998pt, for example:
(fancyhdr)                \setlength{\headheight}{14.49998pt}.
(fancyhdr)                You might also make \topmargin smaller:
(fancyhdr)                \addtolength{\topmargin}{-2.49998pt}.

[17
pdfTeX warning (ext4): destination with the same identifier (name{figure.2.7}) has been already used, duplicate ignored
<argument> ...shipout:D \box_use:N \l_shipout_box 
                                                  \__shipout_drop_firstpage_...
l.330 
      
pdfTeX warning (ext4): destination with the same identifier (name{figure.2.8}) has been already used, duplicate ignored
<argument> ...shipout:D \box_use:N \l_shipout_box 
                                                  \__shipout_drop_firstpage_...
l.330 
       <./imagenes_doc/redes_convolucionales.png> <./imagenes_doc/Redes_GAN.jpg>]

Package fancyhdr Warning: \headheight is too small (12.0pt): 
(fancyhdr)                Make it at least 14.49998pt, for example:
(fancyhdr)                \setlength{\headheight}{14.49998pt}.
(fancyhdr)                You might also make \topmargin smaller:
(fancyhdr)                \addtolength{\topmargin}{-2.49998pt}.

[18
pdfTeX warning (ext4): destination with the same identifier (name{figure.2.9}) has been already used, duplicate ignored
<argument> ...shipout:D \box_use:N \l_shipout_box 
                                                  \__shipout_drop_firstpage_...
l.353 \end{itemize}
                    <./imagenes_doc/registroimg.jpg>]
Overfull \hbox (1.68692pt too wide) in paragraph at lines 366--366
[]\OT1/cmr/bx/n/14.4 ``\OT1/cmr/bx/it/14.4 Sistema de examen en l^^S^^Pnea con re-co-no-ci-mien-
 []


Overfull \hbox (5.26848pt too wide) in paragraph at lines 371--371
\OT1/cmr/bx/it/14.4 uti-li-zan-do re-des neu-ro-na-les ar-ti-fi-cia-les en Rasp-
 []


Package fancyhdr Warning: \headheight is too small (12.0pt): 
(fancyhdr)                Make it at least 14.49998pt, for example:
(fancyhdr)                \setlength{\headheight}{14.49998pt}.
(fancyhdr)                You might also make \topmargin smaller:
(fancyhdr)                \addtolength{\topmargin}{-2.49998pt}.

[19]

Package fancyhdr Warning: \headheight is too small (12.0pt): 
(fancyhdr)                Make it at least 14.49998pt, for example:
(fancyhdr)                \setlength{\headheight}{14.49998pt}.
(fancyhdr)                You might also make \topmargin smaller:
(fancyhdr)                \addtolength{\topmargin}{-2.49998pt}.

[20])

Package fancyhdr Warning: \headheight is too small (12.0pt): 
(fancyhdr)                Make it at least 14.49998pt, for example:
(fancyhdr)                \setlength{\headheight}{14.49998pt}.
(fancyhdr)                You might also make \topmargin smaller:
(fancyhdr)                \addtolength{\topmargin}{-2.49998pt}.

[21] (capitulo_03/marco_metodologico.tex
Cap\'{\i }tulo 3.
[22



]

Package fancyhdr Warning: \headheight is too small (12.0pt): 
(fancyhdr)                Make it at least 14.49998pt, for example:
(fancyhdr)                \setlength{\headheight}{14.49998pt}.
(fancyhdr)                You might also make \topmargin smaller:
(fancyhdr)                \addtolength{\topmargin}{-2.49998pt}.

[23]

Package fancyhdr Warning: \headheight is too small (12.0pt): 
(fancyhdr)                Make it at least 14.49998pt, for example:
(fancyhdr)                \setlength{\headheight}{14.49998pt}.
(fancyhdr)                You might also make \topmargin smaller:
(fancyhdr)                \addtolength{\topmargin}{-2.49998pt}.

[24]

Package fancyhdr Warning: \headheight is too small (12.0pt): 
(fancyhdr)                Make it at least 14.49998pt, for example:
(fancyhdr)                \setlength{\headheight}{14.49998pt}.
(fancyhdr)                You might also make \topmargin smaller:
(fancyhdr)                \addtolength{\topmargin}{-2.49998pt}.

[25]
Underfull \hbox (badness 5924) in paragraph at lines 136--136
[]|\OT1/cmr/m/n/8 Realizar en-tre-vis-tas con
 []


Underfull \hbox (badness 10000) in paragraph at lines 138--138
[]|\OT1/cmr/m/n/8 Documentar ne-ce-si-da-des
 []


Underfull \hbox (badness 1173) in paragraph at lines 148--148
[]|\OT1/cmr/m/n/8 Comparar re-sul-ta-dos con
 []


Overfull \hbox (80.26979pt too wide) in paragraph at lines 127--153
 [][] 
 []


Package fancyhdr Warning: \headheight is too small (12.0pt): 
(fancyhdr)                Make it at least 14.49998pt, for example:
(fancyhdr)                \setlength{\headheight}{14.49998pt}.
(fancyhdr)                You might also make \topmargin smaller:
(fancyhdr)                \addtolength{\topmargin}{-2.49998pt}.

[26]

Package fancyhdr Warning: \headheight is too small (12.0pt): 
(fancyhdr)                Make it at least 14.49998pt, for example:
(fancyhdr)                \setlength{\headheight}{14.49998pt}.
(fancyhdr)                You might also make \topmargin smaller:
(fancyhdr)                \addtolength{\topmargin}{-2.49998pt}.

[27
pdfTeX warning (ext4): destination with the same identifier (name{table.3.1}) has been already used, duplicate ignored
<argument> ...shipout:D \box_use:N \l_shipout_box 
                                                  \__shipout_drop_firstpage_...
l.170 \end{enumerate}
                     ]
Underfull \hbox (badness 2443) in paragraph at lines 183--183
[]|\OT1/cmr/m/n/10 Seleccionar los al-go-rit-
 []


Underfull \hbox (badness 1708) in paragraph at lines 183--183
\OT1/cmr/m/n/10 mos de re-co-no-ci-mien-to
 []


Underfull \hbox (badness 1147) in paragraph at lines 184--184
[]|\OT1/cmr/m/n/10 Definir las t^^Secni-cas y mo-de-los
 []


Underfull \hbox (badness 10000) in paragraph at lines 186--187
[]|\OT1/cmr/m/n/10 Precisi^^Son de los
 []


Underfull \hbox (badness 7558) in paragraph at lines 186--187
\OT1/cmr/m/n/10 m^^Seto-dos es-pe-ci-fi-ca-
 []


Underfull \hbox (badness 10000) in paragraph at lines 188--188
[]|\OT1/cmr/m/n/10 Seleccionar las he-rra-
 []


Underfull \hbox (badness 10000) in paragraph at lines 188--188
\OT1/cmr/m/n/10 mien-tas tec-nol^^Sogi-cas
 []


Underfull \hbox (badness 3471) in paragraph at lines 188--188
\OT1/cmr/m/n/10 pa-ra el de-sa-rro-llo del
 []


Underfull \hbox (badness 10000) in paragraph at lines 190--190
[]|\OT1/cmr/m/n/10 Herramientas tec-
 []


Underfull \hbox (badness 3612) in paragraph at lines 191--192
\OT1/cmr/m/n/10 cien-cia de las he-
 []


Underfull \hbox (badness 3792) in paragraph at lines 191--192
\OT1/cmr/m/n/10 rra-mien-tas se-lec-cio-
 []


Underfull \hbox (badness 10000) in paragraph at lines 196--197
\OT1/cmr/m/n/10 si-tos iden-ti-fi-ca-dos
 []


Underfull \hbox (badness 3386) in paragraph at lines 198--198
[]|\OT1/cmr/m/n/10 Desarrollar sis-te-ma de
 []


Underfull \hbox (badness 2772) in paragraph at lines 201--202
[]|\OT1/cmr/m/n/10 M^^Sodu-los de-sa-rro-lla-
 []


Underfull \hbox (badness 1231) in paragraph at lines 209--209
[]|\OT1/cmr/m/n/10 Comparaci^^Son de los re-sul-ta-dos
 []


Overfull \hbox (95.32718pt too wide) in paragraph at lines 179--214
 [][] 
 []


Package fancyhdr Warning: \headheight is too small (12.0pt): 
(fancyhdr)                Make it at least 14.49998pt, for example:
(fancyhdr)                \setlength{\headheight}{14.49998pt}.
(fancyhdr)                You might also make \topmargin smaller:
(fancyhdr)                \addtolength{\topmargin}{-2.49998pt}.

[28
pdfTeX warning (ext4): destination with the same identifier (name{table.3.2}) has been already used, duplicate ignored
<argument> ...shipout:D \box_use:N \l_shipout_box 
                                                  \__shipout_drop_firstpage_...
l.225 
      ]

Package fancyhdr Warning: \headheight is too small (12.0pt): 
(fancyhdr)                Make it at least 14.49998pt, for example:
(fancyhdr)                \setlength{\headheight}{14.49998pt}.
(fancyhdr)                You might also make \topmargin smaller:
(fancyhdr)                \addtolength{\topmargin}{-2.49998pt}.

[29]

LaTeX Warning: Citation `lan' on page 30 undefined on input line 251.

\@gls@deffile=\write10
\openout10 = `tfg.glsdefs'.


Package fancyhdr Warning: \headheight is too small (12.0pt): 
(fancyhdr)                Make it at least 14.49998pt, for example:
(fancyhdr)                \setlength{\headheight}{14.49998pt}.
(fancyhdr)                You might also make \topmargin smaller:
(fancyhdr)                \addtolength{\topmargin}{-2.49998pt}.

[30]

Package fancyhdr Warning: \headheight is too small (12.0pt): 
(fancyhdr)                Make it at least 14.49998pt, for example:
(fancyhdr)                \setlength{\headheight}{14.49998pt}.
(fancyhdr)                You might also make \topmargin smaller:
(fancyhdr)                \addtolength{\topmargin}{-2.49998pt}.

[31]

Package fancyhdr Warning: \headheight is too small (12.0pt): 
(fancyhdr)                Make it at least 14.49998pt, for example:
(fancyhdr)                \setlength{\headheight}{14.49998pt}.
(fancyhdr)                You might also make \topmargin smaller:
(fancyhdr)                \addtolength{\topmargin}{-2.49998pt}.

[32])

Package fancyhdr Warning: \headheight is too small (12.0pt): 
(fancyhdr)                Make it at least 14.49998pt, for example:
(fancyhdr)                \setlength{\headheight}{14.49998pt}.
(fancyhdr)                You might also make \topmargin smaller:
(fancyhdr)                \addtolength{\topmargin}{-2.49998pt}.

[33]
\openout2 = `./capitulo_04/resultados.aux'.

 (capitulo_04/resultados.tex
Cap\'{\i }tulo 4.

Underfull \hbox (badness 10000) in paragraph at lines 26--27
[]|\OT1/cmr/m/n/12 OpenCV,numpy, ultralytics,deepface,tensorflow-
 []


Overfull \hbox (33.53856pt too wide) in paragraph at lines 18--35
 [][] 
 []

[34



pdfTeX warning (ext4): destination with the same identifier (name{table.4.1}) has been already used, duplicate ignored
<argument> ...shipout:D \box_use:N \l_shipout_box 
                                                  \__shipout_drop_firstpage_...
l.41 
     ]
Underfull \hbox (badness 10000) in paragraph at lines 51--52
[]|\OT1/cmr/m/n/12 Se ajust^^So el um-bral
 []


Underfull \hbox (badness 10000) in paragraph at lines 51--52
\OT1/cmr/m/n/12 can-ti-dad de im^^Sage-nes
 []


Underfull \hbox (badness 10000) in paragraph at lines 53--53
[]|\OT1/cmr/m/n/12 Reconocimiento
 []


Underfull \hbox (badness 10000) in paragraph at lines 53--53
\OT1/cmr/m/n/12 err^^Soneo con po-ca
 []


Underfull \hbox (badness 10000) in paragraph at lines 55--55
[]|\OT1/cmr/m/n/12 Procesamiento len-to
 []


Underfull \hbox (badness 2538) in paragraph at lines 55--56
[]|\OT1/cmr/m/n/12 Se im-ple-ment^^So fil-tra-do
 []


Overfull \hbox (60.16492pt too wide) in paragraph at lines 47--58
 [][] 
 []

LaTeX Font Info:    Font shape `OT1/cmtt/bx/n' in size <8> not available
(Font)              Font shape `OT1/cmtt/m/n' tried instead on input line 68.

Underfull \hbox (badness 3449) in paragraph at lines 70--70
[]|\OT1/cmr/m/n/8 Reconocimiento muy es-
 []


Overfull \hbox (76.10059pt too wide) in paragraph at lines 66--83
 [][] 
 []

<capitulo_04/imagenes/1.jpg.png, id=710, 1421.31pt x 596.2275pt>
File: capitulo_04/imagenes/1.jpg.png Graphic file (type png)
<use capitulo_04/imagenes/1.jpg.png>
Package pdftex.def Info: capitulo_04/imagenes/1.jpg.png  used on input line 92.
(pdftex.def)             Requested size: 312.00119pt x 130.87932pt.

Package fancyhdr Warning: \headheight is too small (12.0pt): 
(fancyhdr)                Make it at least 14.49998pt, for example:
(fancyhdr)                \setlength{\headheight}{14.49998pt}.
(fancyhdr)                You might also make \topmargin smaller:
(fancyhdr)                \addtolength{\topmargin}{-2.49998pt}.

[35
pdfTeX warning (ext4): destination with the same identifier (name{table.4.2}) has been already used, duplicate ignored
<argument> ...shipout:D \box_use:N \l_shipout_box 
                                                  \__shipout_drop_firstpage_...
l.94 \end{figure}
                 
pdfTeX warning (ext4): destination with the same identifier (name{table.4.3}) has been already used, duplicate ignored
<argument> ...shipout:D \box_use:N \l_shipout_box 
                                                  \__shipout_drop_firstpage_...
l.94 \end{figure}
                 ]
<capitulo_04/imagenes/umbral_1.0_30.jpg, id=719, 1606.0pt x 952.55875pt>
File: capitulo_04/imagenes/umbral_1.0_30.jpg Graphic file (type jpg)
<use capitulo_04/imagenes/umbral_1.0_30.jpg>
Package pdftex.def Info: capitulo_04/imagenes/umbral_1.0_30.jpg  used on input line 98.
(pdftex.def)             Requested size: 312.00119pt x 185.0578pt.


Package fancyhdr Warning: \headheight is too small (12.0pt): 
(fancyhdr)                Make it at least 14.49998pt, for example:
(fancyhdr)                \setlength{\headheight}{14.49998pt}.
(fancyhdr)                You might also make \topmargin smaller:
(fancyhdr)                \addtolength{\topmargin}{-2.49998pt}.

[36
pdfTeX warning (ext4): destination with the same identifier (name{figure.4.1}) has been already used, duplicate ignored
<argument> ...shipout:D \box_use:N \l_shipout_box 
                                                  \__shipout_drop_firstpage_...
l.102 \newpage
              
pdfTeX warning (ext4): destination with the same identifier (name{figure.4.2}) has been already used, duplicate ignored
<argument> ...shipout:D \box_use:N \l_shipout_box 
                                                  \__shipout_drop_firstpage_...
l.102 \newpage
               <./capitulo_04/imagenes/1.jpg.png> <./capitulo_04/imagenes/umbral_1.0_30.jpg>]
<capitulo_04/imagenes/2.png, id=725, 1421.31pt x 596.2275pt>
File: capitulo_04/imagenes/2.png Graphic file (type png)
<use capitulo_04/imagenes/2.png>
Package pdftex.def Info: capitulo_04/imagenes/2.png  used on input line 108.
(pdftex.def)             Requested size: 312.00119pt x 130.87932pt.
<capitulo_04/imagenes/1.3_min_dist25.jpg, id=726, 1606.0pt x 938.50626pt>
File: capitulo_04/imagenes/1.3_min_dist25.jpg Graphic file (type jpg)
<use capitulo_04/imagenes/1.3_min_dist25.jpg>
Package pdftex.def Info: capitulo_04/imagenes/1.3_min_dist25.jpg  used on input line 114.
(pdftex.def)             Requested size: 312.00119pt x 182.32776pt.


Package fancyhdr Warning: \headheight is too small (12.0pt): 
(fancyhdr)                Make it at least 14.49998pt, for example:
(fancyhdr)                \setlength{\headheight}{14.49998pt}.
(fancyhdr)                You might also make \topmargin smaller:
(fancyhdr)                \addtolength{\topmargin}{-2.49998pt}.

[37
pdfTeX warning (ext4): destination with the same identifier (name{figure.4.3}) has been already used, duplicate ignored
<argument> ...shipout:D \box_use:N \l_shipout_box 
                                                  \__shipout_drop_firstpage_...
l.118 \newpage
              
pdfTeX warning (ext4): destination with the same identifier (name{figure.4.4}) has been already used, duplicate ignored
<argument> ...shipout:D \box_use:N \l_shipout_box 
                                                  \__shipout_drop_firstpage_...
l.118 \newpage
               <./capitulo_04/imagenes/2.png> <./capitulo_04/imagenes/1.3_min_dist25.jpg>]
<capitulo_04/imagenes/3.png, id=732, 1421.31pt x 596.2275pt>
File: capitulo_04/imagenes/3.png Graphic file (type png)
<use capitulo_04/imagenes/3.png>
Package pdftex.def Info: capitulo_04/imagenes/3.png  used on input line 124.
(pdftex.def)             Requested size: 312.00119pt x 130.87932pt.
<capitulo_04/imagenes/umbral1.8min_dist20.jpg, id=733, 1606.0pt x 950.55125pt>
File: capitulo_04/imagenes/umbral1.8min_dist20.jpg Graphic file (type jpg)
<use capitulo_04/imagenes/umbral1.8min_dist20.jpg>
Package pdftex.def Info: capitulo_04/imagenes/umbral1.8min_dist20.jpg  used on input line 130.
(pdftex.def)             Requested size: 312.00119pt x 184.6678pt.


Package fancyhdr Warning: \headheight is too small (12.0pt): 
(fancyhdr)                Make it at least 14.49998pt, for example:
(fancyhdr)                \setlength{\headheight}{14.49998pt}.
(fancyhdr)                You might also make \topmargin smaller:
(fancyhdr)                \addtolength{\topmargin}{-2.49998pt}.

[38
pdfTeX warning (ext4): destination with the same identifier (name{figure.4.5}) has been already used, duplicate ignored
<argument> ...shipout:D \box_use:N \l_shipout_box 
                                                  \__shipout_drop_firstpage_...
l.134 \newpage
              
pdfTeX warning (ext4): destination with the same identifier (name{figure.4.6}) has been already used, duplicate ignored
<argument> ...shipout:D \box_use:N \l_shipout_box 
                                                  \__shipout_drop_firstpage_...
l.134 \newpage
               <./capitulo_04/imagenes/3.png> <./capitulo_04/imagenes/umbral1.8min_dist20.jpg>]
<capitulo_04/imagenes/4.png, id=739, 706.64pt x 634.37pt>
File: capitulo_04/imagenes/4.png Graphic file (type png)
<use capitulo_04/imagenes/4.png>
Package pdftex.def Info: capitulo_04/imagenes/4.png  used on input line 141.
(pdftex.def)             Requested size: 312.00119pt x 280.09163pt.
<capitulo_04/imagenes/4.4.jpg, id=740, 1284.8pt x 751.80875pt>
File: capitulo_04/imagenes/4.4.jpg Graphic file (type jpg)
<use capitulo_04/imagenes/4.4.jpg>
Package pdftex.def Info: capitulo_04/imagenes/4.4.jpg  used on input line 147.
(pdftex.def)             Requested size: 312.00119pt x 182.5715pt.


Package fancyhdr Warning: \headheight is too small (12.0pt): 
(fancyhdr)                Make it at least 14.49998pt, for example:
(fancyhdr)                \setlength{\headheight}{14.49998pt}.
(fancyhdr)                You might also make \topmargin smaller:
(fancyhdr)                \addtolength{\topmargin}{-2.49998pt}.

[39
pdfTeX warning (ext4): destination with the same identifier (name{figure.4.7}) has been already used, duplicate ignored
<argument> ...shipout:D \box_use:N \l_shipout_box 
                                                  \__shipout_drop_firstpage_...
l.152 \newpage
              
pdfTeX warning (ext4): destination with the same identifier (name{figure.4.8}) has been already used, duplicate ignored
<argument> ...shipout:D \box_use:N \l_shipout_box 
                                                  \__shipout_drop_firstpage_...
l.152 \newpage
               <./capitulo_04/imagenes/4.png> <./capitulo_04/imagenes/4.4.jpg>]
<capitulo_04/imagenes/5.png, id=746, 706.64pt x 634.37pt>
File: capitulo_04/imagenes/5.png Graphic file (type png)
<use capitulo_04/imagenes/5.png>
Package pdftex.def Info: capitulo_04/imagenes/5.png  used on input line 159.
(pdftex.def)             Requested size: 312.00119pt x 280.09163pt.
<capitulo_04/imagenes/5.5.jpg, id=747, 1606.0pt x 932.48375pt>
File: capitulo_04/imagenes/5.5.jpg Graphic file (type jpg)
<use capitulo_04/imagenes/5.5.jpg>
Package pdftex.def Info: capitulo_04/imagenes/5.5.jpg  used on input line 165.
(pdftex.def)             Requested size: 312.00119pt x 181.15775pt.


Package fancyhdr Warning: \headheight is too small (12.0pt): 
(fancyhdr)                Make it at least 14.49998pt, for example:
(fancyhdr)                \setlength{\headheight}{14.49998pt}.
(fancyhdr)                You might also make \topmargin smaller:
(fancyhdr)                \addtolength{\topmargin}{-2.49998pt}.

[40
pdfTeX warning (ext4): destination with the same identifier (name{figure.4.9}) has been already used, duplicate ignored
<argument> ...shipout:D \box_use:N \l_shipout_box 
                                                  \__shipout_drop_firstpage_...
l.170 \newpage
              
pdfTeX warning (ext4): destination with the same identifier (name{figure.4.10}) has been already used, duplicate ignored
<argument> ...shipout:D \box_use:N \l_shipout_box 
                                                  \__shipout_drop_firstpage_...
l.170 \newpage
               <./capitulo_04/imagenes/5.png> <./capitulo_04/imagenes/5.5.jpg>]
<capitulo_04/imagenes/6.png, id=754, 706.64pt x 634.37pt>
File: capitulo_04/imagenes/6.png Graphic file (type png)
<use capitulo_04/imagenes/6.png>
Package pdftex.def Info: capitulo_04/imagenes/6.png  used on input line 177.
(pdftex.def)             Requested size: 312.00119pt x 280.09163pt.
<capitulo_04/imagenes/6.6.jpg, id=755, 1606.0pt x 950.55125pt>
File: capitulo_04/imagenes/6.6.jpg Graphic file (type jpg)
<use capitulo_04/imagenes/6.6.jpg>
Package pdftex.def Info: capitulo_04/imagenes/6.6.jpg  used on input line 183.
(pdftex.def)             Requested size: 312.00119pt x 184.6678pt.


Package fancyhdr Warning: \headheight is too small (12.0pt): 
(fancyhdr)                Make it at least 14.49998pt, for example:
(fancyhdr)                \setlength{\headheight}{14.49998pt}.
(fancyhdr)                You might also make \topmargin smaller:
(fancyhdr)                \addtolength{\topmargin}{-2.49998pt}.

[41
pdfTeX warning (ext4): destination with the same identifier (name{figure.4.11}) has been already used, duplicate ignored
<argument> ...shipout:D \box_use:N \l_shipout_box 
                                                  \__shipout_drop_firstpage_...
l.186 
       <./capitulo_04/imagenes/6.png>]
Overfull \hbox (2.24387pt too wide) in paragraph at lines 205--205
[]|\OT1/cmr/bx/n/8 Precisi^^Son| 
 []


Overfull \hbox (4.68666pt too wide) in paragraph at lines 205--205
[]|\OT1/cmr/bx/n/8 Velocidad
 []


Overfull \hbox (3.355pt too wide) in paragraph at lines 205--205
\OT1/cmr/bx/n/8 (ms/img)| 
 []


Overfull \hbox (74.60303pt too wide) in paragraph at lines 203--218
 [][] 
 []


Package fancyhdr Warning: \headheight is too small (12.0pt): 
(fancyhdr)                Make it at least 14.49998pt, for example:
(fancyhdr)                \setlength{\headheight}{14.49998pt}.
(fancyhdr)                You might also make \topmargin smaller:
(fancyhdr)                \addtolength{\topmargin}{-2.49998pt}.

[42
pdfTeX warning (ext4): destination with the same identifier (name{figure.4.12}) has been already used, duplicate ignored
<argument> ...shipout:D \box_use:N \l_shipout_box 
                                                  \__shipout_drop_firstpage_...
l.225 
      
pdfTeX warning (ext4): destination with the same identifier (name{table.4.4}) has been already used, duplicate ignored
<argument> ...shipout:D \box_use:N \l_shipout_box 
                                                  \__shipout_drop_firstpage_...
l.225 
       <./capitulo_04/imagenes/6.6.jpg>])

Package fancyhdr Warning: \headheight is too small (12.0pt): 
(fancyhdr)                Make it at least 14.49998pt, for example:
(fancyhdr)                \setlength{\headheight}{14.49998pt}.
(fancyhdr)                You might also make \topmargin smaller:
(fancyhdr)                \addtolength{\topmargin}{-2.49998pt}.

[43
pdfTeX warning (ext4): destination with the same identifier (name{table.4.5}) has been already used, duplicate ignored
<argument> ...shipout:D \box_use:N \l_shipout_box 
                                                  \__shipout_drop_firstpage_...
l.117 \include{./capitulo_04/resultados}
                                        
pdfTeX warning (ext4): destination with the same identifier (name{table.4.6}) has been already used, duplicate ignored
<argument> ...shipout:D \box_use:N \l_shipout_box 
                                                  \__shipout_drop_firstpage_...
l.117 \include{./capitulo_04/resultados}
                                        
pdfTeX warning (ext4): destination with the same identifier (name{table.4.7}) has been already used, duplicate ignored
<argument> ...shipout:D \box_use:N \l_shipout_box 
                                                  \__shipout_drop_firstpage_...
l.117 \include{./capitulo_04/resultados}
                                        ]
\openout2 = `./capitulo_05/discusion.aux'.

 (capitulo_05/discusion.tex
Cap\'{\i }tulo 5.
[44




]

Package fancyhdr Warning: \headheight is too small (12.0pt): 
(fancyhdr)                Make it at least 14.49998pt, for example:
(fancyhdr)                \setlength{\headheight}{14.49998pt}.
(fancyhdr)                You might also make \topmargin smaller:
(fancyhdr)                \addtolength{\topmargin}{-2.49998pt}.

[45])

Package fancyhdr Warning: \headheight is too small (12.0pt): 
(fancyhdr)                Make it at least 14.49998pt, for example:
(fancyhdr)                \setlength{\headheight}{14.49998pt}.
(fancyhdr)                You might also make \topmargin smaller:
(fancyhdr)                \addtolength{\topmargin}{-2.49998pt}.

[46]
No file tfg.gls.

Package fancyhdr Warning: \headheight is too small (12.0pt): 
(fancyhdr)                Make it at least 14.49998pt, for example:
(fancyhdr)                \setlength{\headheight}{14.49998pt}.
(fancyhdr)                You might also make \topmargin smaller:
(fancyhdr)                \addtolength{\topmargin}{-2.49998pt}.

[47




]
\openout2 = `./anexos/anexo.aux'.

 (anexos/anexo.tex) [48



] (tfg.bbl) [49




] (tfg.aux
LaTeX Info: Redefining \. on input line 18.
LaTeX Info: Redefining \% on input line 18.
 (portada_y_ficha_catalografica/portada_y_ficha_catalografica.aux) (hoja_aprobacion/hoja_aprobacion.aux) (dedicatoria/dedicatoria.aux) (agradecimientos/agradecimientos.aux) (epigrafe/epigrafe.aux) (resumen/resumen.aux) (abstract/abstract.aux) (capitulo_01/introduccion.aux) (capitulo_02/marco_teorico.aux) (capitulo_04/resultados.aux) (capitulo_05/discusion.aux) (anexos/anexo.aux))
 ***********
LaTeX2e <2023-11-01> patch level 1
L3 programming layer <2024-01-04>
 ***********


LaTeX Font Warning: Some font shapes were not available, defaults substituted.


LaTeX Warning: There were undefined references.


LaTeX Warning: There were multiply-defined labels.

Package rerunfilecheck Info: File `tfg.out' has not changed.
(rerunfilecheck)             Checksum: 3779754294A9D295E0AA7DC8CC2DB4DE;14689.
 )
(\end occurred inside a group at level 1)

### simple group (level 1) entered at line 39 ({)
### bottom level 
Here is how much of TeX's memory you used:
 22424 strings out of 474486
 423292 string characters out of 5753570
 1967542 words of memory out of 5000000
 44101 multiletter control sequences out of 15000+600000
 576275 words of font info for 105 fonts, out of 8000000 for 9000
 1141 hyphenation exceptions out of 8191
 75i,14n,89p,2411b,906s stack positions out of 10000i,1000n,20000p,200000b,200000s

pdfTeX warning (dest): name{glo:sored} has been referenced but does not exist, replaced by a fixed one


pdfTeX warning (dest): name{glo:lan} has been referenced but does not exist, replaced by a fixed one

 <C:\Users\aldoc\AppData\Local\MiKTeX\fonts/pk/ljfour/jknappen/ec/dpi600\tcrm1200.pk><C:/Program Files/MiKTeX/fonts/type1/public/amsfonts/cm/cmbx10.pfb><C:/Program Files/MiKTeX/fonts/type1/public/amsfonts/cm/cmbx12.pfb><C:/Program Files/MiKTeX/fonts/type1/public/amsfonts/cm/cmbx8.pfb><C:/Program Files/MiKTeX/fonts/type1/public/amsfonts/cm/cmbxti10.pfb><C:/Program Files/MiKTeX/fonts/type1/public/amsfonts/cm/cmcsc10.pfb><C:/Program Files/MiKTeX/fonts/type1/public/amsfonts/cm/cmmi12.pfb><C:/Program Files/MiKTeX/fonts/type1/public/amsfonts/cm/cmmi8.pfb><C:/Program Files/MiKTeX/fonts/type1/public/amsfonts/cm/cmr10.pfb><C:/Program Files/MiKTeX/fonts/type1/public/amsfonts/cm/cmr12.pfb><C:/Program Files/MiKTeX/fonts/type1/public/amsfonts/cm/cmr7.pfb><C:/Program Files/MiKTeX/fonts/type1/public/amsfonts/cm/cmr8.pfb><C:/Program Files/MiKTeX/fonts/type1/public/amsfonts/cm/cmsl12.pfb><C:/Program Files/MiKTeX/fonts/type1/public/amsfonts/cm/cmsy10.pfb><C:/Program Files/MiKTeX/fonts/type1/public/amsfonts/cm/cmsy8.pfb><C:/Program Files/MiKTeX/fonts/type1/public/amsfonts/cm/cmti12.pfb><C:/Program Files/MiKTeX/fonts/type1/public/amsfonts/cm/cmtt8.pfb>
Output written on tfg.pdf (64 pages, 2811230 bytes).
PDF statistics:
 913 PDF objects out of 1000 (max. 8388607)
 198 named destinations out of 1000 (max. 500000)
 647 words of extra memory for PDF output out of 10000 (max. 10000000)

